2019-06-16 17:38:05,694 ERROR The username is already exist in the system
2019-06-16 18:33:12,964 ERROR Cannot retrieve data about Admin
2019-06-16 18:34:01,506 ERROR Cannot retrieve data about Admin
2019-06-16 18:35:34,014 ERROR Cannot retrieve data about Admin
2019-06-16 19:45:32,914 ERROR Error while trying getting store_number of product
2019-06-17 11:13:42,135 ERROR The username already exists in the system
2019-06-17 11:14:19,029 ERROR The username already exists in the system
2019-06-17 11:16:56,906 ERROR The username already exists in the system
2019-06-17 11:20:25,581 ERROR The username already exists in the system
2019-06-17 11:21:34,865 ERROR The username already exists in the system
2019-06-17 11:21:34,869 ERROR The username already exists in the system
2019-06-17 11:22:27,250 ERROR The username already exists in the system
2019-06-17 11:22:47,330 ERROR The username already exists in the system
2019-06-17 11:23:15,103 ERROR The username already exists in the system
2019-06-17 11:24:36,583 ERROR The username already exists in the system
2019-06-17 11:29:58,733 ERROR The username already exists in the system
2019-06-17 11:29:58,754 ERROR cannot open this store
2019-06-17 11:34:57,705 ERROR The username already exists in the system
2019-06-17 11:34:57,722 ERROR cannot open this store
2019-06-17 11:42:46,991 ERROR The username already exists in the system
2019-06-17 11:42:47,013 ERROR cannot open this store
2019-06-17 12:01:46,700 ERROR The username already exists in the system
2019-06-17 12:02:58,360 ERROR The username already exists in the system
2019-06-17 12:04:17,063 ERROR The username already exists in the system
2019-06-17 12:04:52,008 ERROR The username already exists in the system
2019-06-17 12:05:46,229 ERROR The username already exists in the system
2019-06-17 12:07:49,903 ERROR The username already exists in the system
2019-06-17 12:08:24,629 ERROR The username already exists in the system
2019-06-17 12:36:05,997 ERROR The username already exists in the system
2019-06-17 12:54:40,206 ERROR Error while trying getting store_number of product
2019-06-17 13:35:28,433 ERROR Cannot find appoints username
2019-06-17 13:35:43,767 ERROR Cannot find appoints username
2019-06-17 13:42:23,439 ERROR Cannot add this manager
2019-06-17 18:17:21,025 ERROR Error while trying getting store_number of product
2019-06-17 18:17:21,026 ERROR Error while trying getting store_number of product
2019-06-18 12:14:15,339 ERROR Cannot retrieve data about products
2019-06-18 12:14:23,942 ERROR Cannot retrieve data about products
2019-06-18 12:14:25,201 ERROR Cannot retrieve data about products
2019-06-18 15:37:52,202 ERROR Some details are wrong
2019-06-18 17:04:04,463 ERROR Cannot add a new product to the cart
2019-06-18 17:39:35,730 ERROR Some details are wrong
2019-06-18 21:28:32,187 ERROR Cannot add this regular discount
2019-06-18 21:39:19,805 ERROR Cannot add this regular discount
2019-06-18 21:39:44,732 ERROR Cannot add this regular discount
2019-06-19 00:53:48,408 ERROR cannot open this store
2019-06-19 02:48:39,265 ERROR Cannot create new admin
2019-06-19 02:48:39,265 ERROR Cannot create new admin
2019-06-19 02:48:39,265 ERROR The username already exists in the system
2019-06-19 02:48:39,265 ERROR The username already exists in the system
2019-06-19 02:48:39,265 ERROR The username already exists in the system
2019-06-19 02:48:39,265 ERROR The username already exists in the system
2019-06-19 02:48:39,265 ERROR The username already exists in the system
2019-06-19 02:48:39,265 ERROR cannot open this store
2019-06-19 02:49:48,854 ERROR Cannot create new admin
2019-06-19 02:49:48,861 ERROR Cannot create new admin
2019-06-19 02:49:48,861 ERROR The username already exists in the system
2019-06-19 02:49:48,861 ERROR The username already exists in the system
2019-06-19 02:49:48,862 ERROR The username already exists in the system
2019-06-19 02:49:48,862 ERROR The username already exists in the system
2019-06-19 02:49:48,862 ERROR The username already exists in the system
2019-06-19 02:49:48,862 ERROR cannot open this store
2019-06-19 02:50:36,165 ERROR Cannot create new admin
2019-06-19 02:50:36,174 ERROR Cannot create new admin
2019-06-19 02:50:36,174 ERROR The username already exists in the system
2019-06-19 02:50:36,174 ERROR The username already exists in the system
2019-06-19 02:50:36,174 ERROR The username already exists in the system
2019-06-19 02:50:36,174 ERROR The username already exists in the system
2019-06-19 02:50:36,174 ERROR The username already exists in the system
2019-06-19 02:50:36,174 ERROR cannot open this store
2019-06-19 02:51:30,257 ERROR Cannot create new admin
2019-06-19 02:51:30,264 ERROR Cannot create new admin
2019-06-19 02:51:30,264 ERROR The username already exists in the system
2019-06-19 02:51:30,264 ERROR The username already exists in the system
2019-06-19 02:51:30,264 ERROR The username already exists in the system
2019-06-19 02:51:30,264 ERROR The username already exists in the system
2019-06-19 02:51:30,264 ERROR The username already exists in the system
2019-06-19 02:51:30,264 ERROR cannot open this store
2019-06-19 02:52:19,343 ERROR Cannot create new admin
2019-06-19 02:52:19,347 ERROR Cannot create new admin
2019-06-19 02:52:19,347 ERROR The username already exists in the system
2019-06-19 02:52:19,347 ERROR The username already exists in the system
2019-06-19 02:52:19,347 ERROR The username already exists in the system
2019-06-19 02:52:19,347 ERROR The username already exists in the system
2019-06-19 02:52:19,347 ERROR The username already exists in the system
2019-06-19 02:52:19,347 ERROR cannot open this store
2019-06-19 02:52:40,323 ERROR Cannot create new admin
2019-06-19 02:52:40,328 ERROR Cannot create new admin
2019-06-19 02:52:40,328 ERROR The username already exists in the system
2019-06-19 02:52:40,328 ERROR The username already exists in the system
2019-06-19 02:52:40,328 ERROR The username already exists in the system
2019-06-19 02:52:40,328 ERROR The username already exists in the system
2019-06-19 02:52:40,328 ERROR The username already exists in the system
2019-06-19 02:52:40,329 ERROR cannot open this store
2019-06-19 02:52:42,503 ERROR Cannot create new admin
2019-06-19 02:52:42,510 ERROR Cannot create new admin
2019-06-19 02:52:42,510 ERROR The username already exists in the system
2019-06-19 02:52:42,510 ERROR The username already exists in the system
2019-06-19 02:52:42,510 ERROR The username already exists in the system
2019-06-19 02:52:42,510 ERROR The username already exists in the system
2019-06-19 02:52:42,510 ERROR The username already exists in the system
2019-06-19 02:52:42,510 ERROR cannot open this store
2019-06-19 02:53:47,718 ERROR Cannot create new admin
2019-06-19 02:53:47,724 ERROR Cannot create new admin
2019-06-19 02:53:47,724 ERROR The username already exists in the system
2019-06-19 02:53:47,724 ERROR The username already exists in the system
2019-06-19 02:53:47,724 ERROR The username already exists in the system
2019-06-19 02:53:47,724 ERROR The username already exists in the system
2019-06-19 02:53:47,724 ERROR The username already exists in the system
2019-06-19 02:53:47,725 ERROR cannot open this store
2019-06-19 02:55:00,621 ERROR Cannot create new admin
2019-06-19 02:55:00,625 ERROR Cannot create new admin
2019-06-19 02:55:00,625 ERROR The username already exists in the system
2019-06-19 02:55:00,625 ERROR The username already exists in the system
2019-06-19 02:55:00,625 ERROR The username already exists in the system
2019-06-19 02:55:00,625 ERROR The username already exists in the system
2019-06-19 02:55:00,625 ERROR The username already exists in the system
2019-06-19 02:55:00,625 ERROR cannot open this store
2019-06-19 02:55:54,484 ERROR Cannot create new admin
2019-06-19 02:55:54,492 ERROR Cannot create new admin
2019-06-19 02:55:54,492 ERROR The username already exists in the system
2019-06-19 02:55:54,492 ERROR The username already exists in the system
2019-06-19 02:55:54,492 ERROR The username already exists in the system
2019-06-19 02:55:54,492 ERROR The username already exists in the system
2019-06-19 02:55:54,493 ERROR The username already exists in the system
2019-06-19 02:55:54,493 ERROR cannot open this store
2019-06-19 02:56:15,269 ERROR Cannot create new admin
2019-06-19 02:56:15,275 ERROR Cannot create new admin
2019-06-19 02:56:15,275 ERROR The username already exists in the system
2019-06-19 02:56:15,275 ERROR The username already exists in the system
2019-06-19 02:56:15,275 ERROR The username already exists in the system
2019-06-19 02:56:15,275 ERROR The username already exists in the system
2019-06-19 02:56:15,276 ERROR The username already exists in the system
2019-06-19 02:56:28,315 ERROR Cannot create new admin
2019-06-19 02:56:28,320 ERROR Cannot create new admin
2019-06-19 02:56:28,320 ERROR The username already exists in the system
2019-06-19 02:56:28,320 ERROR The username already exists in the system
2019-06-19 02:56:28,320 ERROR The username already exists in the system
2019-06-19 02:56:28,321 ERROR The username already exists in the system
2019-06-19 02:56:28,321 ERROR The username already exists in the system
2019-06-19 02:56:28,321 ERROR cannot open this store
